<?xml version="1.0" encoding="UTF-8"?>
<coverage generated="1575396381890" clover="3.2.0">
  <project timestamp="1575396381890" name="All files">
    <metrics statements="130" coveredstatements="109" conditionals="58" coveredconditionals="41" methods="39" coveredmethods="31" elements="227" coveredelements="181" complexity="0" loc="130" ncloc="130" packages="1" files="1" classes="1"/>
    <file name="jsonrpc.ts" path="/home/lampajr/jsonrpc-lib/src/jsonrpc.ts">
      <metrics statements="130" coveredstatements="109" conditionals="58" coveredconditionals="41" methods="39" coveredmethods="31"/>
      <line num="33" count="1" type="stmt"/>
      <line num="38" count="1" type="stmt"/>
      <line num="39" count="10" type="stmt"/>
      <line num="41" count="1" type="stmt"/>
      <line num="47" count="1" type="stmt"/>
      <line num="49" count="1" type="stmt"/>
      <line num="55" count="14" type="cond" truecount="2" falsecount="0"/>
      <line num="56" count="14" type="stmt"/>
      <line num="58" count="1" type="stmt"/>
      <line num="64" count="1" type="stmt"/>
      <line num="73" count="4" type="cond" truecount="1" falsecount="1"/>
      <line num="74" count="4" type="stmt"/>
      <line num="75" count="4" type="stmt"/>
      <line num="76" count="4" type="stmt"/>
      <line num="78" count="1" type="stmt"/>
      <line num="85" count="1" type="stmt"/>
      <line num="92" count="3" type="cond" truecount="1" falsecount="1"/>
      <line num="93" count="3" type="stmt"/>
      <line num="94" count="3" type="stmt"/>
      <line num="96" count="1" type="stmt"/>
      <line num="103" count="1" type="stmt"/>
      <line num="108" count="6" type="cond" truecount="1" falsecount="1"/>
      <line num="109" count="6" type="stmt"/>
      <line num="111" count="1" type="stmt"/>
      <line num="119" count="1" type="stmt"/>
      <line num="124" count="3" type="cond" truecount="1" falsecount="1"/>
      <line num="125" count="3" type="stmt"/>
      <line num="127" count="1" type="stmt"/>
      <line num="135" count="1" type="stmt"/>
      <line num="140" count="3" type="cond" truecount="1" falsecount="1"/>
      <line num="141" count="3" type="stmt"/>
      <line num="143" count="1" type="stmt"/>
      <line num="149" count="1" type="stmt"/>
      <line num="150" count="1" type="stmt"/>
      <line num="151" count="12" type="stmt"/>
      <line num="154" count="1" type="stmt"/>
      <line num="155" count="15" type="stmt"/>
      <line num="158" count="1" type="stmt"/>
      <line num="159" count="0" type="stmt"/>
      <line num="162" count="1" type="stmt"/>
      <line num="163" count="0" type="stmt"/>
      <line num="166" count="1" type="stmt"/>
      <line num="167" count="0" type="stmt"/>
      <line num="178" count="30" type="cond" truecount="2" falsecount="0"/>
      <line num="179" count="30" type="stmt"/>
      <line num="180" count="30" type="stmt"/>
      <line num="181" count="30" type="stmt"/>
      <line num="183" count="1" type="stmt"/>
      <line num="187" count="1" type="stmt"/>
      <line num="189" count="1" type="stmt"/>
      <line num="193" count="9" type="stmt"/>
      <line num="198" count="53" type="stmt"/>
      <line num="203" count="27" type="stmt"/>
      <line num="213" count="9" type="cond" truecount="5" falsecount="1"/>
      <line num="214" count="0" type="stmt"/>
      <line num="225" count="6" type="cond" truecount="1" falsecount="1"/>
      <line num="226" count="0" type="stmt"/>
      <line num="237" count="6" type="cond" truecount="1" falsecount="1"/>
      <line num="238" count="6" type="cond" truecount="2" falsecount="2"/>
      <line num="239" count="6" type="stmt"/>
      <line num="240" count="6" type="stmt"/>
      <line num="242" count="0" type="stmt"/>
      <line num="245" count="0" type="stmt"/>
      <line num="257" count="3" type="cond" truecount="1" falsecount="1"/>
      <line num="258" count="0" type="stmt"/>
      <line num="261" count="3" type="cond" truecount="1" falsecount="1"/>
      <line num="262" count="3" type="stmt"/>
      <line num="263" count="3" type="cond" truecount="1" falsecount="1"/>
      <line num="264" count="0" type="stmt"/>
      <line num="266" count="3" type="cond" truecount="1" falsecount="1"/>
      <line num="267" count="0" type="stmt"/>
      <line num="281" count="1" type="stmt"/>
      <line num="282" count="0" type="stmt"/>
      <line num="291" count="1" type="stmt"/>
      <line num="292" count="0" type="stmt"/>
      <line num="301" count="1" type="stmt"/>
      <line num="302" count="0" type="stmt"/>
      <line num="311" count="1" type="stmt"/>
      <line num="312" count="0" type="stmt"/>
      <line num="324" count="1" type="stmt"/>
      <line num="325" count="30" type="cond" truecount="4" falsecount="0"/>
      <line num="326" count="4" type="stmt"/>
      <line num="329" count="26" type="stmt"/>
      <line num="330" count="26" type="stmt"/>
      <line num="331" count="18" type="cond" truecount="2" falsecount="0"/>
      <line num="332" count="16" type="stmt"/>
      <line num="333" count="2" type="cond" truecount="1" falsecount="1"/>
      <line num="334" count="0" type="stmt"/>
      <line num="336" count="2" type="stmt"/>
      <line num="339" count="14" type="cond" truecount="2" falsecount="0"/>
      <line num="341" count="8" type="stmt"/>
      <line num="343" count="6" type="stmt"/>
      <line num="355" count="0" type="stmt"/>
      <line num="356" count="0" type="stmt"/>
      <line num="357" count="0" type="stmt"/>
      <line num="359" count="0" type="stmt"/>
      <line num="371" count="16" type="cond" truecount="2" falsecount="0"/>
      <line num="372" count="4" type="stmt"/>
      <line num="375" count="12" type="cond" truecount="2" falsecount="0"/>
      <line num="377" count="3" type="stmt"/>
      <line num="378" count="3" type="stmt"/>
      <line num="379" count="3" type="stmt"/>
      <line num="380" count="9" type="cond" truecount="2" falsecount="0"/>
      <line num="382" count="3" type="stmt"/>
      <line num="383" count="3" type="stmt"/>
      <line num="384" count="3" type="stmt"/>
      <line num="385" count="6" type="cond" truecount="2" falsecount="0"/>
      <line num="386" count="3" type="stmt"/>
      <line num="387" count="3" type="stmt"/>
      <line num="388" count="3" type="stmt"/>
      <line num="389" count="3" type="cond" truecount="1" falsecount="1"/>
      <line num="390" count="3" type="stmt"/>
      <line num="391" count="3" type="cond" truecount="1" falsecount="1"/>
      <line num="392" count="0" type="stmt"/>
      <line num="394" count="3" type="stmt"/>
      <line num="395" count="3" type="stmt"/>
      <line num="396" count="3" type="stmt"/>
      <line num="399" count="0" type="stmt"/>
      <line num="402" count="12" type="stmt"/>
      <line num="411" count="3" type="stmt"/>
      <line num="412" count="3" type="stmt"/>
      <line num="413" count="3" type="stmt"/>
      <line num="422" count="3" type="stmt"/>
      <line num="423" count="3" type="stmt"/>
      <line num="432" count="3" type="stmt"/>
      <line num="441" count="3" type="stmt"/>
      <line num="442" count="3" type="stmt"/>
      <line num="447" count="1" type="stmt"/>
      <line num="462" count="1" type="stmt"/>
      <line num="463" count="1" type="stmt"/>
    </file>
  </project>
</coverage>
