{"/home/lampajr/jsonrpc-lib/src/jsonrpc.ts": {"path":"/home/lampajr/jsonrpc-lib/src/jsonrpc.ts","statementMap":{"0":{"start":{"line":33,"column":0},"end":{"line":33,"column":null}},"1":{"start":{"line":38,"column":2},"end":{"line":40,"column":null}},"2":{"start":{"line":39,"column":4},"end":{"line":39,"column":32}},"3":{"start":{"line":41,"column":0},"end":{"line":41,"column":null}},"4":{"start":{"line":47,"column":0},"end":{"line":47,"column":null}},"5":{"start":{"line":47,"column":29},"end":{"line":47,"column":39}},"6":{"start":{"line":55,"column":4},"end":{"line":55,"column":null}},"7":{"start":{"line":56,"column":4},"end":{"line":56,"column":25}},"8":{"start":{"line":49,"column":9},"end":{"line":49,"column":33}},"9":{"start":{"line":58,"column":0},"end":{"line":58,"column":null}},"10":{"start":{"line":47,"column":13},"end":{"line":47,"column":20}},"11":{"start":{"line":64,"column":0},"end":{"line":64,"column":null}},"12":{"start":{"line":64,"column":36},"end":{"line":64,"column":43}},"13":{"start":{"line":73,"column":4},"end":{"line":73,"column":null}},"14":{"start":{"line":74,"column":4},"end":{"line":74,"column":17}},"15":{"start":{"line":75,"column":4},"end":{"line":75,"column":25}},"16":{"start":{"line":76,"column":4},"end":{"line":76,"column":25}},"17":{"start":{"line":78,"column":0},"end":{"line":78,"column":null}},"18":{"start":{"line":64,"column":13},"end":{"line":64,"column":27}},"19":{"start":{"line":85,"column":0},"end":{"line":85,"column":null}},"20":{"start":{"line":85,"column":41},"end":{"line":85,"column":48}},"21":{"start":{"line":92,"column":4},"end":{"line":92,"column":null}},"22":{"start":{"line":93,"column":4},"end":{"line":93,"column":25}},"23":{"start":{"line":94,"column":4},"end":{"line":94,"column":25}},"24":{"start":{"line":96,"column":0},"end":{"line":96,"column":null}},"25":{"start":{"line":85,"column":13},"end":{"line":85,"column":32}},"26":{"start":{"line":103,"column":0},"end":{"line":103,"column":null}},"27":{"start":{"line":103,"column":30},"end":{"line":103,"column":37}},"28":{"start":{"line":108,"column":4},"end":{"line":108,"column":null}},"29":{"start":{"line":109,"column":4},"end":{"line":109,"column":17}},"30":{"start":{"line":111,"column":0},"end":{"line":111,"column":null}},"31":{"start":{"line":119,"column":0},"end":{"line":119,"column":null}},"32":{"start":{"line":119,"column":36},"end":{"line":119,"column":51}},"33":{"start":{"line":124,"column":4},"end":{"line":124,"column":null}},"34":{"start":{"line":125,"column":4},"end":{"line":125,"column":25}},"35":{"start":{"line":127,"column":0},"end":{"line":127,"column":null}},"36":{"start":{"line":119,"column":13},"end":{"line":119,"column":27}},"37":{"start":{"line":135,"column":0},"end":{"line":135,"column":null}},"38":{"start":{"line":135,"column":34},"end":{"line":135,"column":49}},"39":{"start":{"line":140,"column":4},"end":{"line":140,"column":null}},"40":{"start":{"line":141,"column":4},"end":{"line":141,"column":23}},"41":{"start":{"line":143,"column":0},"end":{"line":143,"column":null}},"42":{"start":{"line":135,"column":13},"end":{"line":135,"column":25}},"43":{"start":{"line":149,"column":0},"end":{"line":149,"column":null}},"44":{"start":{"line":149,"column":33},"end":{"line":149,"column":43}},"45":{"start":{"line":178,"column":4},"end":{"line":178,"column":null}},"46":{"start":{"line":179,"column":4},"end":{"line":179,"column":21}},"47":{"start":{"line":180,"column":4},"end":{"line":180,"column":27}},"48":{"start":{"line":181,"column":4},"end":{"line":181,"column":21}},"49":{"start":{"line":150,"column":9},"end":{"line":152,"column":null}},"50":{"start":{"line":151,"column":4},"end":{"line":151,"column":56}},"51":{"start":{"line":154,"column":9},"end":{"line":156,"column":null}},"52":{"start":{"line":155,"column":4},"end":{"line":155,"column":60}},"53":{"start":{"line":158,"column":9},"end":{"line":160,"column":null}},"54":{"start":{"line":159,"column":4},"end":{"line":159,"column":61}},"55":{"start":{"line":162,"column":9},"end":{"line":164,"column":null}},"56":{"start":{"line":163,"column":4},"end":{"line":163,"column":59}},"57":{"start":{"line":166,"column":9},"end":{"line":168,"column":null}},"58":{"start":{"line":167,"column":4},"end":{"line":167,"column":59}},"59":{"start":{"line":183,"column":0},"end":{"line":183,"column":null}},"60":{"start":{"line":149,"column":13},"end":{"line":149,"column":24}},"61":{"start":{"line":187,"column":18},"end":{"line":187,"column":34}},"62":{"start":{"line":189,"column":23},"end":{"line":189,"column":54}},"63":{"start":{"line":193,"column":2},"end":{"line":193,"column":33}},"64":{"start":{"line":198,"column":2},"end":{"line":198,"column":33}},"65":{"start":{"line":203,"column":2},"end":{"line":203,"column":33}},"66":{"start":{"line":213,"column":2},"end":{"line":215,"column":null}},"67":{"start":{"line":214,"column":4},"end":{"line":214,"column":83}},"68":{"start":{"line":225,"column":2},"end":{"line":227,"column":null}},"69":{"start":{"line":226,"column":4},"end":{"line":226,"column":64}},"70":{"start":{"line":237,"column":2},"end":{"line":247,"column":null}},"71":{"start":{"line":238,"column":4},"end":{"line":246,"column":null}},"72":{"start":{"line":239,"column":6},"end":{"line":243,"column":null}},"73":{"start":{"line":240,"column":8},"end":{"line":240,"column":31}},"74":{"start":{"line":242,"column":8},"end":{"line":242,"column":45}},"75":{"start":{"line":245,"column":6},"end":{"line":245,"column":96}},"76":{"start":{"line":257,"column":2},"end":{"line":259,"column":null}},"77":{"start":{"line":258,"column":4},"end":{"line":258,"column":92}},"78":{"start":{"line":261,"column":2},"end":{"line":269,"column":null}},"79":{"start":{"line":262,"column":16},"end":{"line":262,"column":36}},"80":{"start":{"line":263,"column":4},"end":{"line":265,"column":null}},"81":{"start":{"line":264,"column":6},"end":{"line":264,"column":76}},"82":{"start":{"line":266,"column":4},"end":{"line":268,"column":null}},"83":{"start":{"line":267,"column":6},"end":{"line":267,"column":77}},"84":{"start":{"line":282,"column":2},"end":{"line":282,"column":48}},"85":{"start":{"line":281,"column":0},"end":{"line":281,"column":16}},"86":{"start":{"line":292,"column":2},"end":{"line":292,"column":49}},"87":{"start":{"line":291,"column":0},"end":{"line":291,"column":16}},"88":{"start":{"line":302,"column":2},"end":{"line":302,"column":40}},"89":{"start":{"line":301,"column":0},"end":{"line":301,"column":16}},"90":{"start":{"line":312,"column":2},"end":{"line":312,"column":35}},"91":{"start":{"line":311,"column":0},"end":{"line":311,"column":16}},"92":{"start":{"line":325,"column":2},"end":{"line":327,"column":null}},"93":{"start":{"line":326,"column":4},"end":{"line":326,"column":87}},"94":{"start":{"line":329,"column":2},"end":{"line":345,"column":null}},"95":{"start":{"line":330,"column":37},"end":{"line":330,"column":53}},"96":{"start":{"line":331,"column":4},"end":{"line":337,"column":null}},"97":{"start":{"line":332,"column":6},"end":{"line":332,"column":49}},"98":{"start":{"line":333,"column":11},"end":{"line":337,"column":null}},"99":{"start":{"line":334,"column":6},"end":{"line":334,"column":56}},"100":{"start":{"line":336,"column":6},"end":{"line":336,"column":92}},"101":{"start":{"line":339,"column":4},"end":{"line":344,"column":null}},"102":{"start":{"line":341,"column":6},"end":{"line":341,"column":58}},"103":{"start":{"line":343,"column":6},"end":{"line":343,"column":16}},"104":{"start":{"line":324,"column":0},"end":{"line":324,"column":16}},"105":{"start":{"line":355,"column":34},"end":{"line":355,"column":36}},"106":{"start":{"line":356,"column":2},"end":{"line":358,"column":null}},"107":{"start":{"line":356,"column":20},"end":{"line":356,"column":24}},"108":{"start":{"line":356,"column":16},"end":{"line":356,"column":20}},"109":{"start":{"line":357,"column":4},"end":{"line":357,"column":41}},"110":{"start":{"line":359,"column":2},"end":{"line":359,"column":15}},"111":{"start":{"line":371,"column":2},"end":{"line":373,"column":null}},"112":{"start":{"line":372,"column":4},"end":{"line":372,"column":117}},"113":{"start":{"line":375,"column":2},"end":{"line":400,"column":null}},"114":{"start":{"line":377,"column":25},"end":{"line":377,"column":51}},"115":{"start":{"line":378,"column":4},"end":{"line":378,"column":39}},"116":{"start":{"line":379,"column":4},"end":{"line":379,"column":76}},"117":{"start":{"line":380,"column":9},"end":{"line":400,"column":null}},"118":{"start":{"line":382,"column":20},"end":{"line":382,"column":41}},"119":{"start":{"line":383,"column":4},"end":{"line":383,"column":29}},"120":{"start":{"line":384,"column":4},"end":{"line":384,"column":73}},"121":{"start":{"line":385,"column":9},"end":{"line":400,"column":null}},"122":{"start":{"line":386,"column":20},"end":{"line":386,"column":41}},"123":{"start":{"line":387,"column":4},"end":{"line":387,"column":29}},"124":{"start":{"line":388,"column":4},"end":{"line":388,"column":57}},"125":{"start":{"line":389,"column":9},"end":{"line":400,"column":null}},"126":{"start":{"line":390,"column":18},"end":{"line":390,"column":37}},"127":{"start":{"line":391,"column":4},"end":{"line":393,"column":null}},"128":{"start":{"line":392,"column":6},"end":{"line":392,"column":72}},"129":{"start":{"line":394,"column":4},"end":{"line":394,"column":25}},"130":{"start":{"line":395,"column":29},"end":{"line":395,"column":55}},"131":{"start":{"line":396,"column":4},"end":{"line":396,"column":87}},"132":{"start":{"line":399,"column":4},"end":{"line":399,"column":42}},"133":{"start":{"line":402,"column":2},"end":{"line":402,"column":13}},"134":{"start":{"line":411,"column":2},"end":{"line":411,"column":22}},"135":{"start":{"line":412,"column":2},"end":{"line":412,"column":30}},"136":{"start":{"line":413,"column":2},"end":{"line":413,"column":30}},"137":{"start":{"line":422,"column":2},"end":{"line":422,"column":35}},"138":{"start":{"line":423,"column":2},"end":{"line":423,"column":35}},"139":{"start":{"line":432,"column":2},"end":{"line":432,"column":22}},"140":{"start":{"line":441,"column":2},"end":{"line":441,"column":20}},"141":{"start":{"line":442,"column":2},"end":{"line":442,"column":26}},"142":{"start":{"line":447,"column":16},"end":{"line":460,"column":2}},"143":{"start":{"line":463,"column":9},"end":{"line":463,"column":16}},"144":{"start":{"line":462,"column":0},"end":{"line":462,"column":23}}},"fnMap":{"0":{"name":"(anonymous_6)","decl":{"start":{"line":33,"column":0},"end":{"line":33,"column":null}},"loc":{"start":{"line":33,"column":0},"end":{"line":41,"column":null}}},"1":{"name":"(anonymous_8)","decl":{"start":{"line":38,"column":2},"end":{"line":38,"column":11}},"loc":{"start":{"line":38,"column":2},"end":{"line":40,"column":3}}},"2":{"name":"(anonymous_9)","decl":{"start":{"line":47,"column":0},"end":{"line":47,"column":13}},"loc":{"start":{"line":47,"column":0},"end":{"line":47,"column":13}}},"3":{"name":"JsonRpc","decl":{"start":{"line":54,"column":2},"end":{"line":54,"column":null}},"loc":{"start":{"line":54,"column":2},"end":{"line":57,"column":3}}},"4":{"name":"(anonymous_11)","decl":{"start":{"line":64,"column":0},"end":{"line":64,"column":13}},"loc":{"start":{"line":64,"column":0},"end":{"line":78,"column":null}}},"5":{"name":"JsonRpcRequest","decl":{"start":{"line":72,"column":2},"end":{"line":72,"column":14}},"loc":{"start":{"line":72,"column":53},"end":{"line":77,"column":3}}},"6":{"name":"(anonymous_13)","decl":{"start":{"line":85,"column":0},"end":{"line":85,"column":13}},"loc":{"start":{"line":85,"column":0},"end":{"line":96,"column":null}}},"7":{"name":"JsonRpcNotification","decl":{"start":{"line":91,"column":2},"end":{"line":91,"column":14}},"loc":{"start":{"line":91,"column":45},"end":{"line":95,"column":3}}},"8":{"name":"(anonymous_15)","decl":{"start":{"line":103,"column":0},"end":{"line":103,"column":30}},"loc":{"start":{"line":103,"column":0},"end":{"line":111,"column":null}}},"9":{"name":"JsonRpcResponse","decl":{"start":{"line":107,"column":2},"end":{"line":107,"column":14}},"loc":{"start":{"line":107,"column":20},"end":{"line":110,"column":3}}},"10":{"name":"(anonymous_17)","decl":{"start":{"line":119,"column":0},"end":{"line":119,"column":13}},"loc":{"start":{"line":119,"column":0},"end":{"line":127,"column":null}}},"11":{"name":"JsonRpcSuccess","decl":{"start":{"line":123,"column":2},"end":{"line":123,"column":14}},"loc":{"start":{"line":123,"column":33},"end":{"line":126,"column":3}}},"12":{"name":"(anonymous_19)","decl":{"start":{"line":135,"column":0},"end":{"line":135,"column":13}},"loc":{"start":{"line":135,"column":0},"end":{"line":143,"column":null}}},"13":{"name":"JsonRpcError","decl":{"start":{"line":139,"column":2},"end":{"line":139,"column":14}},"loc":{"start":{"line":139,"column":40},"end":{"line":142,"column":3}}},"14":{"name":"(anonymous_21)","decl":{"start":{"line":149,"column":0},"end":{"line":149,"column":13}},"loc":{"start":{"line":149,"column":0},"end":{"line":183,"column":null}}},"15":{"name":"ErrorObject","decl":{"start":{"line":177,"column":2},"end":{"line":177,"column":14}},"loc":{"start":{"line":177,"column":55},"end":{"line":182,"column":3}}},"16":{"name":"(anonymous_23)","decl":{"start":{"line":150,"column":2},"end":{"line":150,"column":9}},"loc":{"start":{"line":150,"column":30},"end":{"line":152,"column":3}}},"17":{"name":"(anonymous_24)","decl":{"start":{"line":154,"column":2},"end":{"line":154,"column":9}},"loc":{"start":{"line":154,"column":34},"end":{"line":156,"column":3}}},"18":{"name":"(anonymous_25)","decl":{"start":{"line":158,"column":2},"end":{"line":158,"column":9}},"loc":{"start":{"line":158,"column":34},"end":{"line":160,"column":3}}},"19":{"name":"(anonymous_26)","decl":{"start":{"line":162,"column":2},"end":{"line":162,"column":9}},"loc":{"start":{"line":162,"column":33},"end":{"line":164,"column":3}}},"20":{"name":"(anonymous_27)","decl":{"start":{"line":166,"column":2},"end":{"line":166,"column":9}},"loc":{"start":{"line":166,"column":33},"end":{"line":168,"column":3}}},"21":{"name":"isNumber","decl":{"start":{"line":192,"column":9},"end":{"line":192,"column":17}},"loc":{"start":{"line":192,"column":26},"end":{"line":194,"column":1}}},"22":{"name":"isString","decl":{"start":{"line":197,"column":9},"end":{"line":197,"column":17}},"loc":{"start":{"line":197,"column":26},"end":{"line":199,"column":1}}},"23":{"name":"isObject","decl":{"start":{"line":202,"column":9},"end":{"line":202,"column":17}},"loc":{"start":{"line":202,"column":26},"end":{"line":204,"column":1}}},"24":{"name":"checkId","decl":{"start":{"line":212,"column":9},"end":{"line":212,"column":16}},"loc":{"start":{"line":212,"column":24},"end":{"line":216,"column":1}}},"25":{"name":"checkMethod","decl":{"start":{"line":224,"column":9},"end":{"line":224,"column":20}},"loc":{"start":{"line":224,"column":32},"end":{"line":228,"column":1}}},"26":{"name":"checkParams","decl":{"start":{"line":236,"column":9},"end":{"line":236,"column":20}},"loc":{"start":{"line":236,"column":32},"end":{"line":248,"column":1}}},"27":{"name":"checkError","decl":{"start":{"line":256,"column":9},"end":{"line":256,"column":19}},"loc":{"start":{"line":256,"column":30},"end":{"line":270,"column":1}}},"28":{"name":"generateRequest","decl":{"start":{"line":281,"column":16},"end":{"line":281,"column":31}},"loc":{"start":{"line":281,"column":70},"end":{"line":283,"column":1}}},"29":{"name":"generateNotification","decl":{"start":{"line":291,"column":16},"end":{"line":291,"column":36}},"loc":{"start":{"line":291,"column":67},"end":{"line":293,"column":1}}},"30":{"name":"generateSuccess","decl":{"start":{"line":301,"column":16},"end":{"line":301,"column":31}},"loc":{"start":{"line":301,"column":51},"end":{"line":303,"column":1}}},"31":{"name":"generateError","decl":{"start":{"line":311,"column":16},"end":{"line":311,"column":29}},"loc":{"start":{"line":311,"column":54},"end":{"line":313,"column":1}}},"32":{"name":"parse","decl":{"start":{"line":324,"column":16},"end":{"line":324,"column":21}},"loc":{"start":{"line":324,"column":31},"end":{"line":346,"column":1}}},"33":{"name":"parseJsonRpcMessageBatch","decl":{"start":{"line":354,"column":9},"end":{"line":354,"column":33}},"loc":{"start":{"line":354,"column":49},"end":{"line":360,"column":1}}},"34":{"name":"parseJsonRpcMessage","decl":{"start":{"line":368,"column":9},"end":{"line":368,"column":28}},"loc":{"start":{"line":368,"column":41},"end":{"line":403,"column":1}}},"35":{"name":"validateRequest","decl":{"start":{"line":410,"column":9},"end":{"line":410,"column":24}},"loc":{"start":{"line":410,"column":48},"end":{"line":414,"column":1}}},"36":{"name":"validateNotification","decl":{"start":{"line":421,"column":9},"end":{"line":421,"column":29}},"loc":{"start":{"line":421,"column":63},"end":{"line":424,"column":1}}},"37":{"name":"validateSuccess","decl":{"start":{"line":431,"column":9},"end":{"line":431,"column":24}},"loc":{"start":{"line":431,"column":48},"end":{"line":433,"column":1}}},"38":{"name":"validateError","decl":{"start":{"line":440,"column":9},"end":{"line":440,"column":22}},"loc":{"start":{"line":440,"column":42},"end":{"line":443,"column":1}}}},"branchMap":{"0":{"loc":{"start":{"line":55,"column":4},"end":{"line":55,"column":11}},"type":"binary-expr","locations":[{"start":{"line":55,"column":4},"end":{"line":55,"column":11}},{"start":{"line":55,"column":11},"end":{"line":55,"column":null}}]},"1":{"loc":{"start":{"line":73,"column":4},"end":{"line":73,"column":11}},"type":"binary-expr","locations":[{"start":{"line":73,"column":4},"end":{"line":73,"column":11}},{"start":{"line":73,"column":11},"end":{"line":73,"column":null}}]},"2":{"loc":{"start":{"line":92,"column":4},"end":{"line":92,"column":11}},"type":"binary-expr","locations":[{"start":{"line":92,"column":4},"end":{"line":92,"column":11}},{"start":{"line":92,"column":11},"end":{"line":92,"column":null}}]},"3":{"loc":{"start":{"line":108,"column":4},"end":{"line":108,"column":11}},"type":"binary-expr","locations":[{"start":{"line":108,"column":4},"end":{"line":108,"column":11}},{"start":{"line":108,"column":11},"end":{"line":108,"column":null}}]},"4":{"loc":{"start":{"line":124,"column":4},"end":{"line":124,"column":13}},"type":"binary-expr","locations":[{"start":{"line":124,"column":4},"end":{"line":124,"column":13}},{"start":{"line":124,"column":13},"end":{"line":124,"column":null}}]},"5":{"loc":{"start":{"line":140,"column":4},"end":{"line":140,"column":13}},"type":"binary-expr","locations":[{"start":{"line":140,"column":4},"end":{"line":140,"column":13}},{"start":{"line":140,"column":13},"end":{"line":140,"column":null}}]},"6":{"loc":{"start":{"line":178,"column":4},"end":{"line":178,"column":11}},"type":"binary-expr","locations":[{"start":{"line":178,"column":4},"end":{"line":178,"column":11}},{"start":{"line":178,"column":11},"end":{"line":178,"column":null}}]},"7":{"loc":{"start":{"line":213,"column":2},"end":{"line":215,"column":null}},"type":"if","locations":[{"start":{"line":213,"column":2},"end":{"line":215,"column":null}},{"start":{"line":213,"column":2},"end":{"line":215,"column":null}}]},"8":{"loc":{"start":{"line":213,"column":7},"end":{"line":213,"column":20}},"type":"binary-expr","locations":[{"start":{"line":213,"column":7},"end":{"line":213,"column":20}},{"start":{"line":213,"column":24},"end":{"line":213,"column":37}},{"start":{"line":213,"column":43},"end":{"line":213,"column":56}},{"start":{"line":213,"column":60},"end":{"line":213,"column":84}}]},"9":{"loc":{"start":{"line":225,"column":2},"end":{"line":227,"column":null}},"type":"if","locations":[{"start":{"line":225,"column":2},"end":{"line":227,"column":null}},{"start":{"line":225,"column":2},"end":{"line":227,"column":null}}]},"10":{"loc":{"start":{"line":237,"column":2},"end":{"line":247,"column":null}},"type":"if","locations":[{"start":{"line":237,"column":2},"end":{"line":247,"column":null}},{"start":{"line":237,"column":2},"end":{"line":247,"column":null}}]},"11":{"loc":{"start":{"line":238,"column":4},"end":{"line":246,"column":null}},"type":"if","locations":[{"start":{"line":238,"column":4},"end":{"line":246,"column":null}},{"start":{"line":238,"column":4},"end":{"line":246,"column":null}}]},"12":{"loc":{"start":{"line":238,"column":8},"end":{"line":238,"column":24}},"type":"binary-expr","locations":[{"start":{"line":238,"column":8},"end":{"line":238,"column":24}},{"start":{"line":238,"column":28},"end":{"line":238,"column":49}}]},"13":{"loc":{"start":{"line":257,"column":2},"end":{"line":259,"column":null}},"type":"if","locations":[{"start":{"line":257,"column":2},"end":{"line":259,"column":null}},{"start":{"line":257,"column":2},"end":{"line":259,"column":null}}]},"14":{"loc":{"start":{"line":261,"column":2},"end":{"line":269,"column":null}},"type":"if","locations":[{"start":{"line":261,"column":2},"end":{"line":269,"column":null}},{"start":{"line":261,"column":2},"end":{"line":269,"column":null}}]},"15":{"loc":{"start":{"line":263,"column":4},"end":{"line":265,"column":null}},"type":"if","locations":[{"start":{"line":263,"column":4},"end":{"line":265,"column":null}},{"start":{"line":263,"column":4},"end":{"line":265,"column":null}}]},"16":{"loc":{"start":{"line":266,"column":4},"end":{"line":268,"column":null}},"type":"if","locations":[{"start":{"line":266,"column":4},"end":{"line":268,"column":null}},{"start":{"line":266,"column":4},"end":{"line":268,"column":null}}]},"17":{"loc":{"start":{"line":325,"column":2},"end":{"line":327,"column":null}},"type":"if","locations":[{"start":{"line":325,"column":2},"end":{"line":327,"column":null}},{"start":{"line":325,"column":2},"end":{"line":327,"column":null}}]},"18":{"loc":{"start":{"line":325,"column":6},"end":{"line":325,"column":18}},"type":"binary-expr","locations":[{"start":{"line":325,"column":6},"end":{"line":325,"column":18}},{"start":{"line":325,"column":22},"end":{"line":325,"column":37}}]},"19":{"loc":{"start":{"line":331,"column":4},"end":{"line":337,"column":null}},"type":"if","locations":[{"start":{"line":331,"column":4},"end":{"line":337,"column":null}},{"start":{"line":331,"column":4},"end":{"line":337,"column":null}}]},"20":{"loc":{"start":{"line":333,"column":11},"end":{"line":337,"column":null}},"type":"if","locations":[{"start":{"line":333,"column":11},"end":{"line":337,"column":null}},{"start":{"line":333,"column":11},"end":{"line":337,"column":null}}]},"21":{"loc":{"start":{"line":339,"column":4},"end":{"line":344,"column":null}},"type":"if","locations":[{"start":{"line":339,"column":4},"end":{"line":344,"column":null}},{"start":{"line":339,"column":4},"end":{"line":344,"column":null}}]},"22":{"loc":{"start":{"line":371,"column":2},"end":{"line":373,"column":null}},"type":"if","locations":[{"start":{"line":371,"column":2},"end":{"line":373,"column":null}},{"start":{"line":371,"column":2},"end":{"line":373,"column":null}}]},"23":{"loc":{"start":{"line":375,"column":2},"end":{"line":400,"column":null}},"type":"if","locations":[{"start":{"line":375,"column":2},"end":{"line":400,"column":null}},{"start":{"line":375,"column":2},"end":{"line":400,"column":null}}]},"24":{"loc":{"start":{"line":380,"column":9},"end":{"line":400,"column":null}},"type":"if","locations":[{"start":{"line":380,"column":9},"end":{"line":400,"column":null}},{"start":{"line":380,"column":9},"end":{"line":400,"column":null}}]},"25":{"loc":{"start":{"line":385,"column":9},"end":{"line":400,"column":null}},"type":"if","locations":[{"start":{"line":385,"column":9},"end":{"line":400,"column":null}},{"start":{"line":385,"column":9},"end":{"line":400,"column":null}}]},"26":{"loc":{"start":{"line":389,"column":9},"end":{"line":400,"column":null}},"type":"if","locations":[{"start":{"line":389,"column":9},"end":{"line":400,"column":null}},{"start":{"line":389,"column":9},"end":{"line":400,"column":null}}]},"27":{"loc":{"start":{"line":391,"column":4},"end":{"line":393,"column":null}},"type":"if","locations":[{"start":{"line":391,"column":4},"end":{"line":393,"column":null}},{"start":{"line":391,"column":4},"end":{"line":393,"column":null}}]}},"s":{"0":1,"1":1,"2":10,"3":1,"4":1,"5":1,"6":14,"7":14,"8":1,"9":1,"10":1,"11":1,"12":1,"13":4,"14":4,"15":4,"16":4,"17":1,"18":1,"19":1,"20":1,"21":3,"22":3,"23":3,"24":1,"25":1,"26":1,"27":1,"28":6,"29":6,"30":1,"31":1,"32":1,"33":3,"34":3,"35":1,"36":1,"37":1,"38":1,"39":3,"40":3,"41":1,"42":1,"43":1,"44":1,"45":30,"46":30,"47":30,"48":30,"49":1,"50":12,"51":1,"52":15,"53":1,"54":0,"55":1,"56":0,"57":1,"58":0,"59":1,"60":1,"61":1,"62":1,"63":9,"64":53,"65":27,"66":9,"67":0,"68":6,"69":0,"70":6,"71":6,"72":6,"73":6,"74":0,"75":0,"76":3,"77":0,"78":3,"79":3,"80":3,"81":0,"82":3,"83":0,"84":0,"85":1,"86":0,"87":1,"88":0,"89":1,"90":0,"91":1,"92":30,"93":4,"94":26,"95":26,"96":18,"97":16,"98":2,"99":0,"100":2,"101":14,"102":8,"103":6,"104":1,"105":0,"106":0,"107":0,"108":0,"109":0,"110":0,"111":16,"112":4,"113":12,"114":3,"115":3,"116":3,"117":9,"118":3,"119":3,"120":3,"121":6,"122":3,"123":3,"124":3,"125":3,"126":3,"127":3,"128":0,"129":3,"130":3,"131":3,"132":0,"133":12,"134":3,"135":3,"136":3,"137":3,"138":3,"139":3,"140":3,"141":3,"142":1,"143":1,"144":1},"f":{"0":45,"1":10,"2":1,"3":14,"4":1,"5":4,"6":1,"7":3,"8":1,"9":6,"10":1,"11":3,"12":1,"13":3,"14":1,"15":30,"16":12,"17":15,"18":0,"19":0,"20":0,"21":9,"22":53,"23":27,"24":9,"25":6,"26":6,"27":3,"28":0,"29":0,"30":0,"31":0,"32":30,"33":0,"34":16,"35":3,"36":3,"37":3,"38":3},"b":{"0":[14,14],"1":[4,0],"2":[3,0],"3":[6,0],"4":[3,0],"5":[3,0],"6":[30,30],"7":[0,9],"8":[9,9,9,9],"9":[0,6],"10":[6,0],"11":[6,0],"12":[6,0],"13":[0,3],"14":[3,0],"15":[0,3],"16":[0,3],"17":[4,26],"18":[30,26],"19":[16,2],"20":[0,2],"21":[8,6],"22":[4,12],"23":[3,9],"24":[3,6],"25":[3,3],"26":[3,0],"27":[0,3]}}
}
