TN:
SF:/home/lampajr/jsonrpc-lib/src/jsonrpc.ts
FN:33,(anonymous_6)
FN:38,(anonymous_8)
FN:47,(anonymous_9)
FN:54,JsonRpc
FN:64,(anonymous_11)
FN:72,JsonRpcRequest
FN:85,(anonymous_13)
FN:91,JsonRpcNotification
FN:103,(anonymous_15)
FN:107,JsonRpcResponse
FN:119,(anonymous_17)
FN:123,JsonRpcSuccess
FN:135,(anonymous_19)
FN:139,JsonRpcError
FN:149,(anonymous_21)
FN:177,ErrorObject
FN:150,(anonymous_23)
FN:154,(anonymous_24)
FN:158,(anonymous_25)
FN:162,(anonymous_26)
FN:166,(anonymous_27)
FN:192,isNumber
FN:197,isString
FN:202,isObject
FN:212,checkId
FN:224,checkMethod
FN:236,checkParams
FN:256,checkError
FN:281,generateRequest
FN:291,generateNotification
FN:301,generateSuccess
FN:311,generateError
FN:324,parse
FN:354,parseJsonRpcMessageBatch
FN:368,parseJsonRpcMessage
FN:410,validateRequest
FN:421,validateNotification
FN:431,validateSuccess
FN:440,validateError
FNF:39
FNH:31
FNDA:45,(anonymous_6)
FNDA:10,(anonymous_8)
FNDA:1,(anonymous_9)
FNDA:14,JsonRpc
FNDA:1,(anonymous_11)
FNDA:4,JsonRpcRequest
FNDA:1,(anonymous_13)
FNDA:3,JsonRpcNotification
FNDA:1,(anonymous_15)
FNDA:6,JsonRpcResponse
FNDA:1,(anonymous_17)
FNDA:3,JsonRpcSuccess
FNDA:1,(anonymous_19)
FNDA:3,JsonRpcError
FNDA:1,(anonymous_21)
FNDA:30,ErrorObject
FNDA:12,(anonymous_23)
FNDA:15,(anonymous_24)
FNDA:0,(anonymous_25)
FNDA:0,(anonymous_26)
FNDA:0,(anonymous_27)
FNDA:9,isNumber
FNDA:53,isString
FNDA:27,isObject
FNDA:9,checkId
FNDA:6,checkMethod
FNDA:6,checkParams
FNDA:3,checkError
FNDA:0,generateRequest
FNDA:0,generateNotification
FNDA:0,generateSuccess
FNDA:0,generateError
FNDA:30,parse
FNDA:0,parseJsonRpcMessageBatch
FNDA:16,parseJsonRpcMessage
FNDA:3,validateRequest
FNDA:3,validateNotification
FNDA:3,validateSuccess
FNDA:3,validateError
DA:33,1
DA:38,1
DA:39,10
DA:41,1
DA:47,1
DA:49,1
DA:55,14
DA:56,14
DA:58,1
DA:64,1
DA:73,4
DA:74,4
DA:75,4
DA:76,4
DA:78,1
DA:85,1
DA:92,3
DA:93,3
DA:94,3
DA:96,1
DA:103,1
DA:108,6
DA:109,6
DA:111,1
DA:119,1
DA:124,3
DA:125,3
DA:127,1
DA:135,1
DA:140,3
DA:141,3
DA:143,1
DA:149,1
DA:150,1
DA:151,12
DA:154,1
DA:155,15
DA:158,1
DA:159,0
DA:162,1
DA:163,0
DA:166,1
DA:167,0
DA:178,30
DA:179,30
DA:180,30
DA:181,30
DA:183,1
DA:187,1
DA:189,1
DA:193,9
DA:198,53
DA:203,27
DA:213,9
DA:214,0
DA:225,6
DA:226,0
DA:237,6
DA:238,6
DA:239,6
DA:240,6
DA:242,0
DA:245,0
DA:257,3
DA:258,0
DA:261,3
DA:262,3
DA:263,3
DA:264,0
DA:266,3
DA:267,0
DA:281,1
DA:282,0
DA:291,1
DA:292,0
DA:301,1
DA:302,0
DA:311,1
DA:312,0
DA:324,1
DA:325,30
DA:326,4
DA:329,26
DA:330,26
DA:331,18
DA:332,16
DA:333,2
DA:334,0
DA:336,2
DA:339,14
DA:341,8
DA:343,6
DA:355,0
DA:356,0
DA:357,0
DA:359,0
DA:371,16
DA:372,4
DA:375,12
DA:377,3
DA:378,3
DA:379,3
DA:380,9
DA:382,3
DA:383,3
DA:384,3
DA:385,6
DA:386,3
DA:387,3
DA:388,3
DA:389,3
DA:390,3
DA:391,3
DA:392,0
DA:394,3
DA:395,3
DA:396,3
DA:399,0
DA:402,12
DA:411,3
DA:412,3
DA:413,3
DA:422,3
DA:423,3
DA:432,3
DA:441,3
DA:442,3
DA:447,1
DA:462,1
DA:463,1
LF:130
LH:109
BRDA:55,0,0,14
BRDA:55,0,1,14
BRDA:73,1,0,4
BRDA:73,1,1,0
BRDA:92,2,0,3
BRDA:92,2,1,0
BRDA:108,3,0,6
BRDA:108,3,1,0
BRDA:124,4,0,3
BRDA:124,4,1,0
BRDA:140,5,0,3
BRDA:140,5,1,0
BRDA:178,6,0,30
BRDA:178,6,1,30
BRDA:213,7,0,0
BRDA:213,7,1,9
BRDA:213,8,0,9
BRDA:213,8,1,9
BRDA:213,8,2,9
BRDA:213,8,3,9
BRDA:225,9,0,0
BRDA:225,9,1,6
BRDA:237,10,0,6
BRDA:237,10,1,0
BRDA:238,11,0,6
BRDA:238,11,1,0
BRDA:238,12,0,6
BRDA:238,12,1,0
BRDA:257,13,0,0
BRDA:257,13,1,3
BRDA:261,14,0,3
BRDA:261,14,1,0
BRDA:263,15,0,0
BRDA:263,15,1,3
BRDA:266,16,0,0
BRDA:266,16,1,3
BRDA:325,17,0,4
BRDA:325,17,1,26
BRDA:325,18,0,30
BRDA:325,18,1,26
BRDA:331,19,0,16
BRDA:331,19,1,2
BRDA:333,20,0,0
BRDA:333,20,1,2
BRDA:339,21,0,8
BRDA:339,21,1,6
BRDA:371,22,0,4
BRDA:371,22,1,12
BRDA:375,23,0,3
BRDA:375,23,1,9
BRDA:380,24,0,3
BRDA:380,24,1,6
BRDA:385,25,0,3
BRDA:385,25,1,3
BRDA:389,26,0,3
BRDA:389,26,1,0
BRDA:391,27,0,0
BRDA:391,27,1,3
BRF:58
BRH:41
end_of_record
